<?xml version="1.0" encoding="UTF-8"?>
<testsuite xmlns:xsi="http://www.w3.org/2001/XMLSchema-instance" xsi:noNamespaceSchemaLocation="https://maven.apache.org/surefire/maven-surefire-plugin/xsd/surefire-test-report-3.0.xsd" version="3.0" name="TestSuite" time="39.796" tests="1" errors="0" skipped="0" failures="0">
  <properties>
[...]
</properties>
  <testcase name="runScenario[&quot;Verify user can successfully complete a purchase&quot;, &quot;Purchase Flow&quot;](1)" classname="com.mercari.tests.TestRunner" time="33.5">
    <system-out><![CDATA[
Scenario: Verify user can successfully complete a purchase                              &amp#27;[90m# src/test/resources/features/PurchaseFlow.feature:3&amp#27;[0m
/Users/sushravaks/Desktop/mercariAssignmentWeb
  &amp#27;[32mGiven &amp#27;[0m&amp#27;[32mthe user logs in with valid credentials&amp#27;[0m                                         &amp#27;[90m# com.mercari.tests.PurchaseTest.theUserLogsInWithValidCredentials()&amp#27;[0m
First Item Added to Cart
Second Item Added to Cart
2
  &amp#27;[32mWhen &amp#27;[0m&amp#27;[32mthe user adds the first and second items to the cart&amp#27;[0m                             &amp#27;[90m# com.mercari.tests.PurchaseTest.theUserAddsItemsToCart()&amp#27;[0m
Address Input Screen
  &amp#27;[32mAnd &amp#27;[0m&amp#27;[32mthe user proceeds to checkout and enters address details&amp#27;[0m                          &amp#27;[90m# com.mercari.tests.PurchaseTest.theUserProceedsToCheckout()&amp#27;[0m
Order placed successfully: Thank you for your order!
  &amp#27;[32mThen &amp#27;[0m&amp#27;[32mthe user should see the checkout overview and complete the purchase successfully&amp#27;[0m &amp#27;[90m# com.mercari.tests.PurchaseTest.theUserShouldCompletePurchaseSuccessfully()&amp#27;[0m
]]></system-out>
    <system-err><![CDATA[SLF4J(W): No SLF4J providers were found.
SLF4J(W): Defaulting to no-operation (NOP) logger implementation
SLF4J(W): See https://www.slf4j.org/codes.html#noProviders for further details.
ERROR StatusLogger Log4j2 could not find a logging implementation. Please add log4j-core to the classpath. Using SimpleLogger to log to the console...
Starting ChromeDriver 132.0.6834.110 (df453a35f099772fdb954e33551388add2ca3cde-refs/branch-heads/6834_101@{#3}) on port 14787
Only local connections are allowed.
Please see https://chromedriver.chromium.org/security-considerations for suggestions on keeping ChromeDriver safe.
ChromeDriver was started successfully on port 14787.
Jan 27, 2025 9:01:05 PM org.openqa.selenium.devtools.CdpVersionFinder findNearestMatch
WARNING: Unable to find CDP implementation matching 132
Jan 27, 2025 9:01:05 PM org.openqa.selenium.chromium.ChromiumDriver lambda$new$3
WARNING: Unable to find version of CDP to use for . You may need to include a dependency on a specific version of the CDP using something similar to `org.seleniumhq.selenium:selenium-devtools-v86:4.8.2` where the version ("v86") matches the version of the chromium-based browser you're using and the version number of the artifact is the same as Selenium's.
Starting ChromeDriver 132.0.6834.110 (df453a35f099772fdb954e33551388add2ca3cde-refs/branch-heads/6834_101@{#3}) on port 20813
Only local connections are allowed.
Please see https://chromedriver.chromium.org/security-considerations for suggestions on keeping ChromeDriver safe.
ChromeDriver was started successfully on port 20813.
Jan 27, 2025 9:01:12 PM org.openqa.selenium.devtools.CdpVersionFinder findNearestMatch
WARNING: Unable to find CDP implementation matching 132
Jan 27, 2025 9:01:12 PM org.openqa.selenium.chromium.ChromiumDriver lambda$new$3
WARNING: Unable to find version of CDP to use for . You may need to include a dependency on a specific version of the CDP using something similar to `org.seleniumhq.selenium:selenium-devtools-v86:4.8.2` where the version ("v86") matches the version of the chromium-based browser you're using and the version number of the artifact is the same as Selenium's.
Jan 27, 2025 9:01:25 PM com.mercari.base.BasePage waitForPageToLoad
INFO: Transitioned to Cart Page successfully.
Jan 27, 2025 9:01:27 PM com.mercari.base.BasePage waitForPageToLoad
INFO: Transitioned to Checkout Overview Screen successfully.
Jan 27, 2025 9:01:28 PM com.mercari.base.BasePage waitForPageToLoad
INFO: Transitioned to Confirm Purchase Screen successfully.
]]></system-err>
  </testcase>
</testsuite>