<?xml version="1.0" encoding="UTF-8"?>
<testng-results ignored="0" total="1" passed="1" failed="0" skipped="0">
  <reporter-output>
  </reporter-output>
  <suite started-at="2025-01-27T21:00:54 IST" name="Surefire suite" finished-at="2025-01-27T21:01:28 IST" duration-ms="34208">
    <groups>
      <group name="cucumber">
        <method signature="AbstractTestNGCucumberTests.runScenario(io.cucumber.testng.PickleWrapper,io.cucumber.testng.FeatureWrapper)[pri:0, instance:com.mercari.tests.TestRunner@6af93788]" name="runScenario" class="io.cucumber.testng.AbstractTestNGCucumberTests"/>
      </group> <!-- cucumber -->
    </groups>
    <test started-at="2025-01-27T21:00:54 IST" name="Surefire test" finished-at="2025-01-27T21:01:28 IST" duration-ms="34208">
      <class name="com.mercari.tests.TestRunner">
        <test-method is-config="true" signature="setUpClass(org.testng.ITestContext)[pri:0, instance:com.mercari.tests.TestRunner@6af93788]" started-at="2025-01-27T21:00:54 IST" name="setUpClass" finished-at="2025-01-27T21:00:55 IST" duration-ms="635" status="PASS">
          <params>
            <param index="0">
              <value>
                <![CDATA[org.testng.TestRunner@47df5041]]>
              </value>
            </param>
          </params>
          <reporter-output>
          </reporter-output>
        </test-method> <!-- setUpClass -->
        <test-method signature="runScenario(io.cucumber.testng.PickleWrapper,io.cucumber.testng.FeatureWrapper)[pri:0, instance:com.mercari.tests.TestRunner@6af93788]" started-at="2025-01-27T21:00:55 IST" name="runScenario" description="Runs Cucumber Scenarios" data-provider="scenarios" finished-at="2025-01-27T21:01:28 IST" duration-ms="33487" status="PASS">
          <params>
            <param index="0">
              <value>
                <![CDATA["Verify user can successfully complete a purchase"]]>
              </value>
            </param>
            <param index="1">
              <value>
                <![CDATA["Purchase Flow"]]>
              </value>
            </param>
          </params>
          <reporter-output>
          </reporter-output>
        </test-method> <!-- runScenario -->
        <test-method is-config="true" signature="tearDownClass()[pri:0, instance:com.mercari.tests.TestRunner@6af93788]" started-at="2025-01-27T21:01:28 IST" name="tearDownClass" finished-at="2025-01-27T21:01:28 IST" duration-ms="26" status="PASS">
          <reporter-output>
          </reporter-output>
        </test-method> <!-- tearDownClass -->
      </class> <!-- com.mercari.tests.TestRunner -->
    </test> <!-- Surefire test -->
  </suite> <!-- Surefire suite -->
</testng-results>
